#-----------------------------------------------------------
# Vivado v2019.2.1 (64-bit)
# SW Build 2729669 on Thu Dec  5 04:49:17 MST 2019
# IP Build 2729494 on Thu Dec  5 07:38:25 MST 2019
# Start of session at: Fri Mar 17 12:46:47 2023
# Process ID: 12580
# Current directory: D:/Vivado/project_2_HA
# Command line: vivado.exe -gui_launcher_event rodinguilauncherevent17764 D:\Vivado\project_2_HA\project_2_HA.xpr
# Log file: D:/Vivado/project_2_HA/vivado.log
# Journal file: D:/Vivado/project_2_HA\vivado.jou
#-----------------------------------------------------------
start_gui
open_project D:/Vivado/project_2_HA/project_2_HA.xpr
Scanning sources...
Finished scanning sources
INFO: [IP_Flow 19-234] Refreshing IP repositories
INFO: [IP_Flow 19-1704] No user IP repositories specified
INFO: [IP_Flow 19-2313] Loaded Vivado IP repository 'C:/Xilinx/Vivado/2019.2/data/ip'.
open_project: Time (s): cpu = 00:00:14 ; elapsed = 00:00:07 . Memory (MB): peak = 810.770 ; gain = 170.949
update_compile_order -fileset sources_1
launch_simulation
Command: launch_simulation 
boost::filesystem::remove: The process cannot access the file because it is being used by another process: "D:/Vivado/project_2_HA/project_2_HA.sim/sim_1/behav/xsim/simulate.log"
launch_simulation
Command: launch_simulation 
boost::filesystem::remove: The process cannot access the file because it is being used by another process: "D:/Vivado/project_2_HA/project_2_HA.sim/sim_1/behav/xsim/simulate.log"
exit
INFO: [Common 17-206] Exiting Vivado at Fri Mar 17 12:50:37 2023...
